16:30:27,381 root INFO Running FoS inference
16:30:27,381 inference INFO Creating the output directory: /storage2/sotkot/dockers/intelcomp_fos_docker/output_test_files
16:30:27,382 inference INFO Output directory created: /storage2/sotkot/dockers/intelcomp_fos_docker/output_test_files
16:30:27,382 inference INFO Checking if the input directory exists: /storage2/sotkot/dockers/intelcomp_fos_docker/input_test_files
16:30:27,382 inference INFO Initializing the venue parser
16:30:27,511 inference INFO Initializing the multigraph
16:32:30,380 inference INFO Initializing the text processor
16:32:30,381 sentence_transformers.SentenceTransformer INFO Load pretrained SentenceTransformer: all-mpnet-base-v2
16:32:38,447 inference INFO Loading the mappings of the taxonomy
16:34:20,944 root INFO Running FoS inference
16:34:20,944 inference INFO Creating the output directory: /storage2/sotkot/dockers/intelcomp_fos_docker/output_test_files
16:34:20,944 inference INFO Output directory created: /storage2/sotkot/dockers/intelcomp_fos_docker/output_test_files
16:34:20,945 inference INFO Checking if the input directory exists: /storage2/sotkot/dockers/intelcomp_fos_docker/input_test_files
16:34:20,945 inference INFO Initializing the venue parser
16:34:21,44 inference INFO Initializing the multigraph
16:37:47,115 root INFO Running FoS inference
16:37:47,116 inference INFO Creating the output directory: /storage2/sotkot/dockers/intelcomp_fos_docker/output_test_files
16:37:47,116 inference INFO Output directory created: /storage2/sotkot/dockers/intelcomp_fos_docker/output_test_files
16:37:47,116 inference INFO Checking if the input directory exists: /storage2/sotkot/dockers/intelcomp_fos_docker/input_test_files
16:37:47,116 inference INFO Initializing the venue parser
16:37:47,221 inference INFO Initializing the multigraph
16:39:48,843 inference INFO Initializing the text processor
16:39:48,844 sentence_transformers.SentenceTransformer INFO Load pretrained SentenceTransformer: all-mpnet-base-v2
16:39:53,993 inference INFO Loading the mappings of the taxonomy
16:47:28,985 root INFO Running FoS inference
16:47:28,986 inference INFO Creating the output directory: /storage2/sotkot/dockers/intelcomp_fos_docker/output_test_files
16:47:28,986 inference INFO Output directory created: /storage2/sotkot/dockers/intelcomp_fos_docker/output_test_files
16:47:28,986 inference INFO Checking if the input directory exists: /storage2/sotkot/dockers/intelcomp_fos_docker/input_test_files
16:47:28,986 inference INFO Initializing the venue parser
16:47:29,88 inference INFO Initializing the multigraph
16:49:32,137 inference INFO Initializing the text processor
16:49:32,138 sentence_transformers.SentenceTransformer INFO Load pretrained SentenceTransformer: all-mpnet-base-v2
16:49:37,486 inference INFO Loading the mappings of the taxonomy
17:01:45,215 root INFO Running FoS inference
17:01:45,215 inference INFO Creating the output directory: /storage2/sotkot/dockers/intelcomp_fos_docker/output_test_files
17:01:45,216 inference INFO Output directory created: /storage2/sotkot/dockers/intelcomp_fos_docker/output_test_files
17:01:45,216 inference INFO Checking if the input directory exists: /storage2/sotkot/dockers/intelcomp_fos_docker/input_test_files
17:01:45,216 inference INFO Initializing the venue parser
17:01:45,321 inference INFO Initializing the multigraph
17:03:48,649 inference INFO Initializing the text processor
17:03:48,650 sentence_transformers.SentenceTransformer INFO Load pretrained SentenceTransformer: all-mpnet-base-v2
17:03:53,842 inference INFO Loading the mappings of the taxonomy
17:31:42,10 root INFO Running FoS inference
17:31:42,10 inference INFO Creating the output directory: /storage2/sotkot/dockers/intelcomp_fos_docker/output_test_files
17:31:42,11 inference INFO Output directory created: /storage2/sotkot/dockers/intelcomp_fos_docker/output_test_files
17:31:42,11 inference INFO Checking if the input directory exists: /storage2/sotkot/dockers/intelcomp_fos_docker/input_test_files
17:31:42,11 inference INFO Initializing the venue parser
17:31:42,116 inference INFO Initializing the multigraph
17:33:44,961 inference INFO Initializing the text processor
17:33:44,962 sentence_transformers.SentenceTransformer INFO Load pretrained SentenceTransformer: all-mpnet-base-v2
17:33:50,271 inference INFO Loading the mappings of the taxonomy
17:35:34,220 root INFO Running FoS inference
17:35:34,221 inference INFO Creating the output directory: /storage2/sotkot/dockers/intelcomp_fos_docker/output_test_files
17:35:34,221 inference INFO Output directory created: /storage2/sotkot/dockers/intelcomp_fos_docker/output_test_files
17:35:34,221 inference INFO Checking if the input directory exists: /storage2/sotkot/dockers/intelcomp_fos_docker/input_test_files
17:35:34,221 inference INFO Initializing the venue parser
17:35:34,321 inference INFO Initializing the multigraph
17:37:37,493 inference INFO Initializing the text processor
17:37:37,494 sentence_transformers.SentenceTransformer INFO Load pretrained SentenceTransformer: all-mpnet-base-v2
17:37:42,642 inference INFO Loading the mappings of the taxonomy
17:38:35,993 inference INFO Inferring chunks of file number:0 and file name: file_1.json
17:38:38,264 inference INFO Creating payload for chunk
17:44:26,882 root INFO Running FoS inference
17:44:26,882 inference INFO Creating the output directory: /storage2/sotkot/dockers/intelcomp_fos_docker/output_test_files
17:44:26,882 inference INFO Output directory created: /storage2/sotkot/dockers/intelcomp_fos_docker/output_test_files
17:44:26,883 inference INFO Checking if the input directory exists: /storage2/sotkot/dockers/intelcomp_fos_docker/input_test_files
17:44:26,883 inference INFO Initializing the venue parser
17:44:26,985 inference INFO Initializing the multigraph
17:46:29,537 inference INFO Initializing the text processor
17:46:29,537 sentence_transformers.SentenceTransformer INFO Load pretrained SentenceTransformer: all-mpnet-base-v2
17:46:34,771 inference INFO Loading the mappings of the taxonomy
17:46:51,640 inference INFO Inferring chunks of file number:0 and file name: file_1.json
17:46:53,872 inference INFO Creating payload for chunk
17:48:13,26 root INFO Running FoS inference
17:48:13,27 inference INFO Creating the output directory: /storage2/sotkot/dockers/intelcomp_fos_docker/output_test_files
17:48:13,27 inference INFO Output directory created: /storage2/sotkot/dockers/intelcomp_fos_docker/output_test_files
17:48:13,27 inference INFO Checking if the input directory exists: /storage2/sotkot/dockers/intelcomp_fos_docker/input_test_files
17:48:13,27 inference INFO Initializing the venue parser
17:48:13,133 inference INFO Initializing the multigraph
17:50:14,703 inference INFO Initializing the text processor
17:50:14,704 sentence_transformers.SentenceTransformer INFO Load pretrained SentenceTransformer: all-mpnet-base-v2
17:50:20,150 inference INFO Loading the mappings of the taxonomy
17:51:25,802 inference INFO Inferring chunks of file number:0 and file name: file_1.json
17:51:26,826 inference INFO Creating payload for chunk
17:52:14,719 root INFO Running FoS inference
17:52:14,719 inference INFO Creating the output directory: /storage2/sotkot/dockers/intelcomp_fos_docker/output_test_files
17:52:14,720 inference INFO Output directory created: /storage2/sotkot/dockers/intelcomp_fos_docker/output_test_files
17:52:14,720 inference INFO Checking if the input directory exists: /storage2/sotkot/dockers/intelcomp_fos_docker/input_test_files
17:52:14,720 inference INFO Initializing the venue parser
17:52:14,823 inference INFO Initializing the multigraph
17:54:17,839 inference INFO Initializing the text processor
17:54:17,840 sentence_transformers.SentenceTransformer INFO Load pretrained SentenceTransformer: all-mpnet-base-v2
17:54:23,170 inference INFO Loading the mappings of the taxonomy
17:54:23,176 inference INFO Inferring chunks of file number:0 and file name: file_1.json
17:54:23,177 inference INFO Creating payload for chunk
17:56:11,418 root INFO Running FoS inference
17:56:11,419 inference INFO Creating the output directory: /storage2/sotkot/dockers/intelcomp_fos_docker/output_test_files
17:56:11,419 inference INFO Output directory created: /storage2/sotkot/dockers/intelcomp_fos_docker/output_test_files
17:56:11,419 inference INFO Checking if the input directory exists: /storage2/sotkot/dockers/intelcomp_fos_docker/input_test_files
17:56:11,419 inference INFO Initializing the venue parser
17:56:11,520 inference INFO Initializing the multigraph
17:58:13,671 inference INFO Initializing the text processor
17:58:13,672 sentence_transformers.SentenceTransformer INFO Load pretrained SentenceTransformer: all-mpnet-base-v2
17:58:18,951 inference INFO Loading the mappings of the taxonomy
17:58:18,956 inference INFO Inferring chunks of file number:0 and file name: file_1.json
17:58:18,957 inference INFO Creating payload for chunk
17:59:18,282 inference INFO Payload for chunk
17:59:18,792 inference INFO Inferring up to Level 6
18:01:06,930 root INFO Running FoS inference
18:01:06,931 inference INFO Creating the output directory: /storage2/sotkot/dockers/intelcomp_fos_docker/output_test_files
18:01:06,931 inference INFO Output directory created: /storage2/sotkot/dockers/intelcomp_fos_docker/output_test_files
18:01:06,931 inference INFO Checking if the input directory exists: /storage2/sotkot/dockers/intelcomp_fos_docker/input_test_files
18:01:06,931 inference INFO Initializing the venue parser
18:01:07,33 inference INFO Initializing the multigraph
18:03:12,888 inference INFO Initializing the text processor
18:03:12,889 sentence_transformers.SentenceTransformer INFO Load pretrained SentenceTransformer: all-mpnet-base-v2
18:03:18,156 inference INFO Loading the mappings of the taxonomy
18:03:18,161 inference INFO Inferring chunks of file number:0 and file name: file_1.json
18:03:18,162 inference INFO Creating payload for chunk
18:03:18,238 inference INFO Payload for chunk
18:03:18,238 inference INFO Inferring up to Level 6
18:03:27,655 inference INFO Adding publications to the graph
18:05:00,774 inference INFO Inferring relationships
18:13:52,114 root INFO Running FoS inference
18:13:52,115 inference INFO Creating the output directory: /storage2/sotkot/dockers/intelcomp_fos_docker/output_test_files
18:13:52,115 inference INFO Output directory created: /storage2/sotkot/dockers/intelcomp_fos_docker/output_test_files
18:13:52,115 inference INFO Checking if the input directory exists: /storage2/sotkot/dockers/intelcomp_fos_docker/input_test_files
18:13:52,115 inference INFO Initializing the venue parser
18:13:52,225 inference INFO Initializing the multigraph
18:15:55,460 inference INFO Initializing the text processor
18:15:55,461 sentence_transformers.SentenceTransformer INFO Load pretrained SentenceTransformer: all-mpnet-base-v2
18:16:00,783 inference INFO Loading the mappings of the taxonomy
18:16:00,789 inference INFO Inferring chunks of file number:0 and file name: file_1.json
18:16:00,790 inference INFO Creating payload for chunk
18:16:00,871 inference INFO Payload for chunk
18:16:00,871 inference INFO Inferring up to Level 6
18:16:00,871 inference INFO Adding publications to the graph
18:16:00,880 inference INFO Inferring relationships
18:24:24,59 inference INFO Retrieving results for publications
19:29:26,47 root INFO Running FoS inference
19:29:26,47 inference INFO Creating the output directory: /storage2/sotkot/dockers/intelcomp_fos_docker/output_test_files
19:29:26,47 inference INFO Output directory created: /storage2/sotkot/dockers/intelcomp_fos_docker/output_test_files
19:29:26,47 inference INFO Checking if the input directory exists: /storage2/sotkot/dockers/intelcomp_fos_docker/input_test_files
19:29:26,48 inference INFO Initializing the venue parser
19:29:26,149 inference INFO Initializing the multigraph
19:31:27,761 inference INFO Initializing the text processor
19:31:27,762 sentence_transformers.SentenceTransformer INFO Load pretrained SentenceTransformer: all-mpnet-base-v2
19:31:32,859 inference INFO Loading the mappings of the taxonomy
19:31:32,865 inference INFO Inferring chunks of file number:0 and file name: file_1.json
19:31:32,866 inference INFO Creating payload for chunk
19:31:32,945 inference INFO Payload for chunk
19:31:32,945 inference INFO Inferring up to Level 6
19:31:32,946 inference INFO Adding publications to the graph
19:31:32,954 inference INFO Inferring relationships
19:31:39,800 inference INFO Retrieving results for publications
20:43:06,883 root INFO Running FoS inference
20:43:06,884 inference INFO Creating the output directory: /storage2/sotkot/dockers/intelcomp_fos_docker/output_test_files
20:43:06,884 inference INFO Output directory created: /storage2/sotkot/dockers/intelcomp_fos_docker/output_test_files
20:43:06,884 inference INFO Checking if the input directory exists: /storage2/sotkot/dockers/intelcomp_fos_docker/input_test_files
20:43:06,884 inference INFO Initializing the venue parser
20:43:06,983 inference INFO Initializing the multigraph
20:45:09,443 inference INFO Initializing the text processor
20:45:09,444 sentence_transformers.SentenceTransformer INFO Load pretrained SentenceTransformer: all-mpnet-base-v2
20:45:14,689 inference INFO Loading the mappings of the taxonomy
20:45:14,694 inference INFO Inferring chunks of file number:0 and file name: file_1.json
20:45:14,695 inference INFO Creating payload for chunk
20:45:14,772 inference INFO Payload for chunk
20:45:14,772 inference INFO Inferring up to Level 6
20:45:14,773 inference INFO Adding publications to the graph
20:45:14,782 inference INFO Inferring relationships
20:45:21,735 inference INFO Retrieving results for publications
11:00:46,806 root INFO Running FoS inference
11:00:46,806 inference INFO Creating the output directory: /storage2/sotkot/dockers/intelcomp_fos_docker/output_test_files
11:00:46,806 inference INFO Output directory created: /storage2/sotkot/dockers/intelcomp_fos_docker/output_test_files
11:00:46,807 inference INFO Checking if the input directory exists: /storage2/sotkot/dockers/intelcomp_fos_docker/input_test_files
11:00:46,807 inference INFO Initializing the venue parser
11:00:46,909 inference INFO Initializing the multigraph
11:02:48,399 inference INFO Initializing the text processor
11:02:48,399 sentence_transformers.SentenceTransformer INFO Load pretrained SentenceTransformer: all-mpnet-base-v2
11:02:55,160 inference INFO Loading the mappings of the taxonomy
11:02:55,165 inference INFO Inferring chunks of file number:0 and file name: file_1.json
11:02:55,166 inference INFO Creating payload for chunk
11:02:55,241 inference INFO Payload for chunk
11:02:55,241 inference INFO Inferring up to Level 6
11:02:55,241 inference INFO Adding publications to the graph
11:02:55,251 inference INFO Inferring relationships
11:03:02,194 inference INFO Retrieving results for publications
11:28:36,194 root INFO Running FoS inference
11:28:36,194 inference INFO Creating the output directory: /storage2/sotkot/dockers/intelcomp_fos_docker/output_test_files
11:28:36,195 inference INFO Output directory created: /storage2/sotkot/dockers/intelcomp_fos_docker/output_test_files
11:28:36,195 inference INFO Checking if the input directory exists: /storage2/sotkot/dockers/intelcomp_fos_docker/input_test_files
11:28:36,195 inference INFO Initializing the venue parser
11:28:36,294 inference INFO Initializing the multigraph
11:29:13,553 root INFO Running FoS inference
11:29:13,553 inference INFO Creating the output directory: /storage2/sotkot/dockers/intelcomp_fos_docker/output_test_files
11:29:13,554 inference INFO Output directory created: /storage2/sotkot/dockers/intelcomp_fos_docker/output_test_files
11:29:13,554 inference INFO Checking if the input directory exists: /storage2/sotkot/dockers/intelcomp_fos_docker/input_test_files
11:29:13,554 inference INFO Initializing the venue parser
11:29:13,654 inference INFO Initializing the multigraph
11:31:13,540 inference INFO Initializing the text processor
11:31:13,541 sentence_transformers.SentenceTransformer INFO Load pretrained SentenceTransformer: all-mpnet-base-v2
11:31:18,671 inference INFO Loading the mappings of the taxonomy
11:31:18,677 inference INFO Inferring chunks of file number:0 and file name: file_1.json
11:31:18,678 inference INFO Creating payload for chunk
11:31:18,754 inference INFO Payload for chunk
11:31:18,754 inference INFO Inferring up to Level 6
11:31:18,754 inference INFO Adding publications to the graph
11:31:18,764 inference INFO Inferring relationships
11:31:25,815 inference INFO Retrieving results for publications
11:39:49,361 root INFO Running FoS inference
11:39:49,361 inference INFO Creating the output directory: /storage2/sotkot/dockers/intelcomp_fos_docker/output_test_files
11:39:49,361 inference INFO Output directory created: /storage2/sotkot/dockers/intelcomp_fos_docker/output_test_files
11:39:49,361 inference INFO Checking if the input directory exists: /storage2/sotkot/dockers/intelcomp_fos_docker/input_test_files
11:39:49,362 inference INFO Initializing the venue parser
11:39:49,466 inference INFO Initializing the multigraph
11:41:50,461 inference INFO Initializing the text processor
11:41:50,462 sentence_transformers.SentenceTransformer INFO Load pretrained SentenceTransformer: all-mpnet-base-v2
11:41:55,692 inference INFO Loading the mappings of the taxonomy
11:41:55,697 inference INFO Inferring chunks of file number:0 and file name: file_1.json
11:41:55,698 inference INFO Creating payload for chunk
11:41:55,775 inference INFO Payload for chunk
11:41:55,775 inference INFO Inferring up to Level 6
11:41:55,775 inference INFO Adding publications to the graph
11:41:55,784 inference INFO Inferring relationships
11:42:02,640 inference INFO Retrieving results for publications
12:14:49,459 root INFO Running FoS inference
12:14:49,460 inference INFO Creating the output directory: /storage2/sotkot/dockers/intelcomp_fos_docker/output_test_files
12:14:49,460 inference INFO Output directory created: /storage2/sotkot/dockers/intelcomp_fos_docker/output_test_files
12:14:49,460 inference INFO Checking if the input directory exists: /storage2/sotkot/dockers/intelcomp_fos_docker/input_test_files
12:14:49,460 inference INFO Initializing the venue parser
12:14:49,561 inference INFO Initializing the multigraph
12:16:51,148 inference INFO Initializing the text processor
12:16:51,149 sentence_transformers.SentenceTransformer INFO Load pretrained SentenceTransformer: all-mpnet-base-v2
12:16:56,323 inference INFO Loading the mappings of the taxonomy
12:16:56,329 inference INFO Inferring chunks of file number:0 and file name: file_1.json
12:16:56,330 inference INFO Creating payload for chunk
12:16:56,405 inference INFO Payload for chunk
12:16:56,405 inference INFO Inferring up to Level 6
12:16:56,405 inference INFO Adding publications to the graph
12:16:56,414 inference INFO Inferring relationships
12:17:03,290 inference INFO Retrieving results for publications
12:20:37,41 root INFO Running FoS inference
12:20:37,42 inference INFO Creating the output directory: /storage2/sotkot/dockers/intelcomp_fos_docker/output_test_files
12:20:37,42 inference INFO Output directory created: /storage2/sotkot/dockers/intelcomp_fos_docker/output_test_files
12:20:37,42 inference INFO Checking if the input directory exists: /storage2/sotkot/dockers/intelcomp_fos_docker/input_test_files
12:20:37,42 inference INFO Initializing the venue parser
12:20:37,141 inference INFO Initializing the multigraph
12:22:36,374 inference INFO Initializing the text processor
12:22:36,375 sentence_transformers.SentenceTransformer INFO Load pretrained SentenceTransformer: all-mpnet-base-v2
12:22:41,531 inference INFO Loading the mappings of the taxonomy
12:22:41,536 inference INFO Inferring chunks of file number:0 and file name: file_1.json
12:22:41,537 inference INFO Creating payload for chunk
12:22:41,612 inference INFO Payload for chunk
12:22:41,612 inference INFO Inferring up to Level 6
12:22:41,612 inference INFO Adding publications to the graph
12:22:41,621 inference INFO Inferring relationships
12:22:48,449 inference INFO Retrieving results for publications
12:30:50,251 root INFO Running FoS inference
12:30:50,251 inference INFO Creating the output directory: /storage2/sotkot/dockers/intelcomp_fos_docker/output_test_files
12:30:50,252 inference INFO Output directory created: /storage2/sotkot/dockers/intelcomp_fos_docker/output_test_files
12:30:50,252 inference INFO Checking if the input directory exists: /storage2/sotkot/dockers/intelcomp_fos_docker/input_test_files
12:30:50,252 inference INFO Initializing the venue parser
12:30:50,354 inference INFO Initializing the multigraph
12:32:52,42 inference INFO Initializing the text processor
12:32:52,43 sentence_transformers.SentenceTransformer INFO Load pretrained SentenceTransformer: all-mpnet-base-v2
12:32:57,228 inference INFO Loading the mappings of the taxonomy
12:32:57,234 inference INFO Inferring chunks of file number:0 and file name: file_1.json
12:32:57,235 inference INFO Creating payload for chunk
12:32:57,311 inference INFO Payload for chunk
12:32:57,311 inference INFO Inferring up to Level 6
12:32:57,311 inference INFO Adding publications to the graph
12:32:57,320 inference INFO Inferring relationships
12:33:04,151 inference INFO Retrieving results for publications
12:43:48,550 root INFO Running FoS inference
12:43:48,551 inference INFO Creating the output directory: /storage2/sotkot/dockers/intelcomp_fos_docker/output_test_files
12:43:48,551 inference INFO Output directory created: /storage2/sotkot/dockers/intelcomp_fos_docker/output_test_files
12:43:48,551 inference INFO Checking if the input directory exists: /storage2/sotkot/dockers/intelcomp_fos_docker/input_test_files
12:43:48,551 inference INFO Initializing the venue parser
12:43:48,651 inference INFO Initializing the multigraph
12:45:54,987 inference INFO Initializing the text processor
12:45:54,989 sentence_transformers.SentenceTransformer INFO Load pretrained SentenceTransformer: all-mpnet-base-v2
12:46:00,432 inference INFO Loading the mappings of the taxonomy
12:46:00,438 inference INFO Inferring chunks of file number:0 and file name: file_1.json
12:46:00,439 inference INFO Creating payload for chunk
12:46:00,514 inference INFO Payload for chunk
12:46:00,515 inference INFO Inferring up to Level 6
12:46:00,515 inference INFO Adding publications to the graph
12:46:00,525 inference INFO Inferring relationships
12:46:07,498 inference INFO Retrieving results for publications
13:02:51,741 root INFO Running FoS inference
13:02:51,742 inference INFO Creating the output directory: /storage2/sotkot/dockers/intelcomp_fos_docker/output_test_files
13:02:51,742 inference INFO Output directory created: /storage2/sotkot/dockers/intelcomp_fos_docker/output_test_files
13:02:51,742 inference INFO Checking if the input directory exists: /storage2/sotkot/dockers/intelcomp_fos_docker/input_test_files
13:02:51,742 inference INFO Initializing the venue parser
13:02:51,841 inference INFO Initializing the multigraph
13:04:56,883 inference INFO Initializing the text processor
13:04:56,884 sentence_transformers.SentenceTransformer INFO Load pretrained SentenceTransformer: all-mpnet-base-v2
13:05:02,58 inference INFO Loading the mappings of the taxonomy
13:05:02,63 inference INFO Inferring chunks of file number:0 and file name: file_1.json
13:05:02,64 inference INFO Creating payload for chunk
13:05:02,139 inference INFO Payload for chunk
13:05:02,139 inference INFO Inferring up to Level 6
13:05:02,139 inference INFO Adding publications to the graph
13:05:02,148 inference INFO Inferring relationships
13:05:09,99 inference INFO Retrieving results for publications
13:07:10,89 inference INFO Cleaning the graph from the inferred nodes
13:10:52,494 inference INFO Inference up to Level 6 done for chunk
13:20:54,41 root INFO Running FoS inference
13:20:54,41 inference INFO Creating the output directory: /storage2/sotkot/dockers/intelcomp_fos_docker/output_test_files
13:20:54,42 inference INFO Output directory created: /storage2/sotkot/dockers/intelcomp_fos_docker/output_test_files
13:20:54,42 inference INFO Checking if the input directory exists: /storage2/sotkot/dockers/intelcomp_fos_docker/input_test_files
13:20:54,42 inference INFO Initializing the venue parser
13:20:54,145 inference INFO Initializing the multigraph
13:22:57,81 inference INFO Initializing the text processor
13:22:57,82 sentence_transformers.SentenceTransformer INFO Load pretrained SentenceTransformer: all-mpnet-base-v2
13:23:02,309 inference INFO Loading the mappings of the taxonomy
13:23:02,316 inference INFO Inferring chunks of file number:0 and file name: file_1.json
13:23:02,317 inference INFO Creating payload for chunk
13:23:02,393 inference INFO Payload for chunk
13:23:02,393 inference INFO Inferring up to Level 6
13:23:02,393 inference INFO Adding publications to the graph
13:23:02,402 inference INFO Inferring relationships
13:23:09,430 inference INFO Retrieving results for publications
13:25:12,801 inference INFO Cleaning the graph from the inferred nodes
13:25:12,802 inference INFO Inference up to Level 6 done for chunk
13:31:04,598 root INFO Running FoS inference
13:31:04,599 inference INFO Creating the output directory: /storage2/sotkot/dockers/intelcomp_fos_docker/output_test_files
13:31:04,599 inference INFO Output directory created: /storage2/sotkot/dockers/intelcomp_fos_docker/output_test_files
13:31:04,599 inference INFO Checking if the input directory exists: /storage2/sotkot/dockers/intelcomp_fos_docker/input_test_files
13:31:04,599 inference INFO Initializing the venue parser
13:31:04,704 inference INFO Initializing the multigraph
13:33:07,329 inference INFO Initializing the text processor
13:33:07,330 sentence_transformers.SentenceTransformer INFO Load pretrained SentenceTransformer: all-mpnet-base-v2
13:33:12,509 inference INFO Loading the mappings of the taxonomy
13:33:12,515 inference INFO Inferring chunks of file number:0 and file name: file_1.json
13:33:12,516 inference INFO Creating payload for chunk
13:33:12,590 inference INFO Payload for chunk
13:33:12,590 inference INFO Inferring up to Level 6
13:33:12,590 inference INFO Adding publications to the graph
13:33:12,599 inference INFO Inferring relationships
13:33:19,448 inference INFO Retrieving results for publications
13:35:21,160 inference INFO Cleaning the graph from the inferred nodes
13:35:21,161 inference INFO Inference up to Level 6 done for chunk
13:35:53,505 inference INFO Dumping the predictions for the file with index: 0 and file name: file_1.json
13:37:45,116 root INFO Running FoS inference
13:37:45,117 inference INFO Creating the output directory: /storage2/sotkot/dockers/intelcomp_fos_docker/output_test_files
13:37:45,117 inference INFO Output directory created: /storage2/sotkot/dockers/intelcomp_fos_docker/output_test_files
13:37:45,117 inference INFO Checking if the input directory exists: /storage2/sotkot/dockers/intelcomp_fos_docker/input_test_files
13:37:45,117 inference INFO Initializing the venue parser
13:37:45,221 inference INFO Initializing the multigraph
13:38:27,161 inference INFO Initializing the text processor
13:38:27,162 sentence_transformers.SentenceTransformer INFO Load pretrained SentenceTransformer: all-mpnet-base-v2
13:38:31,788 inference INFO Loading the mappings of the taxonomy
13:38:31,790 inference INFO Inferring chunks of file number:0 and file name: file_1.json
13:38:31,791 inference INFO Creating payload for chunk
13:38:31,824 inference INFO Payload for chunk
13:38:31,824 inference INFO Inferring up to Level 6
13:38:31,825 inference INFO Adding publications to the graph
13:38:31,828 inference INFO Inferring relationships
13:38:33,145 inference INFO Retrieving results for publications
13:40:15,373 inference INFO Cleaning the graph from the inferred nodes
13:40:15,374 inference INFO Inference up to Level 6 done for chunk
13:40:15,375 inference INFO Dumping the predictions for the file with index: 0 and file name: file_1.json
